<?xml version="1.0" encoding="UTF-8"?>
<testng-results ignored="0" total="1" passed="1" failed="0" skipped="0">
  <reporter-output>
  </reporter-output>
  <suite started-at="2025-10-29T18:12:52 IST" name="Default suite" finished-at="2025-10-29T18:12:57 IST" duration-ms="4735">
    <groups>
    </groups>
    <test started-at="2025-10-29T18:12:52 IST" name="Default test" finished-at="2025-10-29T18:12:57 IST" duration-ms="4735">
      <class name="browsers.TestNG_Browser">
        <test-method signature="ChromeBrowser()[pri:0, instance:browsers.TestNG_Browser@6580cfdd]" started-at="2025-10-29T18:12:52 IST" name="ChromeBrowser" finished-at="2025-10-29T18:12:57 IST" duration-ms="4638" status="PASS">
          <reporter-output>
          </reporter-output>
        </test-method> <!-- ChromeBrowser -->
      </class> <!-- browsers.TestNG_Browser -->
    </test> <!-- Default test -->
  </suite> <!-- Default suite -->
</testng-results>
